03:56:03.334 [main] DEBUG MobileProgrammingLLC.Resources.Base - Attempting to load the driver...
03:56:05.339 [main] INFO  MobileProgrammingLLC.Resources.Base - Driver successfully initialised.
03:56:05.513 [main] DEBUG MobileProgrammingLLC.Resources.Base - Attempting to get navigated to URL: "https://www.google.com/intl/en-GB/gmail/about/#"...
03:56:10.745 [main] INFO  MobileProgrammingLLC.Resources.Base - Navigation to site "https://www.google.com/intl/en-GB/gmail/about/#" successful.
03:56:10.745 [main] DEBUG MobileProgrammingLLC.Resources.Base - Trying to compare the actual page title from the expected one...
03:56:10.753 [main] INFO  MobileProgrammingLLC.Resources.Base - Page Title Comparison Successful.
03:56:11.419 [main] DEBUG MobileProgrammingLLC.Resources.Base - Attempting to click on element: '[[ChromeDriver: chrome on MAC (81551ba481851a5be70619a6aa4c9124)] -> css selector: a.gmail-nav__nav-link.gmail-nav__nav-link__sign-in]'...
03:56:54.023 [main] INFO  MobileProgrammingLLC.Resources.Base - Element 'Proxy element for: DefaultElementLocator 'By.cssSelector: a.gmail-nav__nav-link.gmail-nav__nav-link__sign-in'' successfully clicked.
03:56:54.594 [main] DEBUG MobileProgrammingLLC.Resources.Base - Attempting to send "love.vashista@mobileprogramming.net" to element "[[ChromeDriver: chrome on MAC (81551ba481851a5be70619a6aa4c9124)] -> xpath: //input[@aria-label='Email or phone']]"...
03:56:54.960 [main] INFO  MobileProgrammingLLC.Resources.Base - Content "love.vashista@mobileprogramming.net" entered successfully into element "[[ChromeDriver: chrome on MAC (81551ba481851a5be70619a6aa4c9124)] -> xpath: //input[@aria-label='Email or phone']]"
03:56:55.503 [main] DEBUG MobileProgrammingLLC.Resources.Base - Attempting to click on element: '[[ChromeDriver: chrome on MAC (81551ba481851a5be70619a6aa4c9124)] -> xpath: //span[text()='Next']]'...
03:56:55.638 [main] INFO  MobileProgrammingLLC.Resources.Base - Element '[[ChromeDriver: chrome on MAC (81551ba481851a5be70619a6aa4c9124)] -> xpath: //span[text()='Next']]' successfully clicked.
03:56:56.653 [main] DEBUG MobileProgrammingLLC.Resources.Base - Attempting to send "password12345" to element "[[ChromeDriver: chrome on MAC (81551ba481851a5be70619a6aa4c9124)] -> css selector: input[type='password']]"...
03:56:56.817 [main] INFO  MobileProgrammingLLC.Resources.Base - Content "password12345" entered successfully into element "[[ChromeDriver: chrome on MAC (81551ba481851a5be70619a6aa4c9124)] -> css selector: input[type='password']]"
03:56:57.350 [main] DEBUG MobileProgrammingLLC.Resources.Base - Attempting to click on element: '[[ChromeDriver: chrome on MAC (81551ba481851a5be70619a6aa4c9124)] -> xpath: //span[text()='Next']]'...
03:56:57.491 [main] INFO  MobileProgrammingLLC.Resources.Base - Element '[[ChromeDriver: chrome on MAC (81551ba481851a5be70619a6aa4c9124)] -> xpath: //span[text()='Next']]' successfully clicked.
03:56:58.542 [main] DEBUG MobileProgrammingLLC.Resources.Base - Attempting to compare content returned by "[[ChromeDriver: chrome on MAC (81551ba481851a5be70619a6aa4c9124)] -> xpath: //div[text()='Wrong password. Try again or click Forgot password to reset it.']]" from "Wrong password. Try again or click Forgot password to reset it." ...
03:56:58.572 [main] INFO  MobileProgrammingLLC.Resources.Base - Comparison Successful!
03:56:58.572 [main] DEBUG MobileProgrammingLLC.Resources.Base - Attempting to quit the driver...
03:56:58.707 [main] INFO  MobileProgrammingLLC.Resources.Base - Driver successfully quitted.
03:56:58.722 [main] DEBUG MobileProgrammingLLC.Resources.Base - Attempting to load the driver...
03:56:59.955 [main] INFO  MobileProgrammingLLC.Resources.Base - Driver successfully initialised.
03:57:00.123 [main] DEBUG MobileProgrammingLLC.Resources.Base - Attempting to get navigated to URL: "https://mail.rediff.com/cgi-bin/login.cgi"...
03:57:11.139 [main] INFO  MobileProgrammingLLC.Resources.Base - Navigation to site "https://mail.rediff.com/cgi-bin/login.cgi" successful.
03:57:11.151 [main] DEBUG MobileProgrammingLLC.Resources.Base - Trying to compare the actual page title from the expected one...
03:57:11.162 [main] INFO  MobileProgrammingLLC.Resources.Base - Page Title Comparison Successful.
03:57:12.325 [main] DEBUG MobileProgrammingLLC.Resources.Base - Attempting to send "a@aa.com" to element "[[ChromeDriver: chrome on MAC (9c7081265fc136f580ca9206e4744b92)] -> xpath: //input[@id='login1']]"...
03:57:12.456 [main] INFO  MobileProgrammingLLC.Resources.Base - Content "a@aa.com" entered successfully into element "[[ChromeDriver: chrome on MAC (9c7081265fc136f580ca9206e4744b92)] -> xpath: //input[@id='login1']]"
03:57:12.990 [main] DEBUG MobileProgrammingLLC.Resources.Base - Attempting to send "11111" to element "[[ChromeDriver: chrome on MAC (9c7081265fc136f580ca9206e4744b92)] -> css selector: input#password]"...
03:57:13.069 [main] INFO  MobileProgrammingLLC.Resources.Base - Content "11111" entered successfully into element "[[ChromeDriver: chrome on MAC (9c7081265fc136f580ca9206e4744b92)] -> css selector: input#password]"
03:57:13.617 [main] DEBUG MobileProgrammingLLC.Resources.Base - Attempting to click on element: '[[ChromeDriver: chrome on MAC (9c7081265fc136f580ca9206e4744b92)] -> id: remember]'...
03:57:13.690 [main] INFO  MobileProgrammingLLC.Resources.Base - Element '[[ChromeDriver: chrome on MAC (9c7081265fc136f580ca9206e4744b92)] -> id: remember]' successfully clicked.
03:57:14.230 [main] DEBUG MobileProgrammingLLC.Resources.Base - Attempting to click on element: '[[ChromeDriver: chrome on MAC (9c7081265fc136f580ca9206e4744b92)] -> css selector: input[type='submit']]'...
03:57:14.608 [main] INFO  MobileProgrammingLLC.Resources.Base - Element '[[ChromeDriver: chrome on MAC (9c7081265fc136f580ca9206e4744b92)] -> css selector: input[type='submit']]' successfully clicked.
03:57:14.610 [main] DEBUG MobileProgrammingLLC.Resources.Base - Trying to compare the actual page title from the expected one...
03:57:14.615 [main] INFO  MobileProgrammingLLC.Resources.Base - Page Title Comparison Successful.
03:57:14.616 [main] DEBUG MobileProgrammingLLC.Resources.Base - Attempting to quit the driver...
03:57:14.753 [main] INFO  MobileProgrammingLLC.Resources.Base - Driver successfully quitted.
03:57:14.756 [main] DEBUG MobileProgrammingLLC.Resources.Base - Attempting to load the driver...
03:57:16.057 [main] INFO  MobileProgrammingLLC.Resources.Base - Driver successfully initialised.
03:57:16.208 [main] DEBUG MobileProgrammingLLC.Resources.Base - Attempting to get navigated to URL: "https://mail.rediff.com/cgi-bin/login.cgi"...
03:57:17.080 [main] INFO  MobileProgrammingLLC.Resources.Base - Navigation to site "https://mail.rediff.com/cgi-bin/login.cgi" successful.
03:57:17.087 [main] DEBUG MobileProgrammingLLC.Resources.Base - Trying to compare the actual page title from the expected one...
03:57:17.095 [main] INFO  MobileProgrammingLLC.Resources.Base - Page Title Comparison Successful.
03:57:17.638 [main] DEBUG MobileProgrammingLLC.Resources.Base - Attempting to send "b@bb.com" to element "[[ChromeDriver: chrome on MAC (5765c4f4f7bf9f6c8b1be82b0759f793)] -> xpath: //input[@id='login1']]"...
03:57:17.758 [main] INFO  MobileProgrammingLLC.Resources.Base - Content "b@bb.com" entered successfully into element "[[ChromeDriver: chrome on MAC (5765c4f4f7bf9f6c8b1be82b0759f793)] -> xpath: //input[@id='login1']]"
03:57:18.379 [main] DEBUG MobileProgrammingLLC.Resources.Base - Attempting to send "22222" to element "[[ChromeDriver: chrome on MAC (5765c4f4f7bf9f6c8b1be82b0759f793)] -> css selector: input#password]"...
03:57:18.473 [main] INFO  MobileProgrammingLLC.Resources.Base - Content "22222" entered successfully into element "[[ChromeDriver: chrome on MAC (5765c4f4f7bf9f6c8b1be82b0759f793)] -> css selector: input#password]"
03:57:19.176 [main] DEBUG MobileProgrammingLLC.Resources.Base - Attempting to click on element: '[[ChromeDriver: chrome on MAC (5765c4f4f7bf9f6c8b1be82b0759f793)] -> id: remember]'...
03:57:19.257 [main] INFO  MobileProgrammingLLC.Resources.Base - Element '[[ChromeDriver: chrome on MAC (5765c4f4f7bf9f6c8b1be82b0759f793)] -> id: remember]' successfully clicked.
03:57:26.653 [main] DEBUG MobileProgrammingLLC.Resources.Base - Attempting to click on element: '[[ChromeDriver: chrome on MAC (5765c4f4f7bf9f6c8b1be82b0759f793)] -> css selector: input[type='submit']]'...
03:57:27.163 [main] INFO  MobileProgrammingLLC.Resources.Base - Element '[[ChromeDriver: chrome on MAC (5765c4f4f7bf9f6c8b1be82b0759f793)] -> css selector: input[type='submit']]' successfully clicked.
03:57:27.165 [main] DEBUG MobileProgrammingLLC.Resources.Base - Trying to compare the actual page title from the expected one...
03:57:27.170 [main] INFO  MobileProgrammingLLC.Resources.Base - Page Title Comparison Successful.
03:57:27.171 [main] DEBUG MobileProgrammingLLC.Resources.Base - Attempting to quit the driver...
03:57:27.282 [main] INFO  MobileProgrammingLLC.Resources.Base - Driver successfully quitted.
03:57:27.284 [main] DEBUG MobileProgrammingLLC.Resources.Base - Attempting to load the driver...
03:57:28.653 [main] INFO  MobileProgrammingLLC.Resources.Base - Driver successfully initialised.
03:57:28.809 [main] DEBUG MobileProgrammingLLC.Resources.Base - Attempting to get navigated to URL: "https://mail.rediff.com/cgi-bin/login.cgi"...
03:57:29.943 [main] INFO  MobileProgrammingLLC.Resources.Base - Navigation to site "https://mail.rediff.com/cgi-bin/login.cgi" successful.
03:57:29.963 [main] DEBUG MobileProgrammingLLC.Resources.Base - Trying to compare the actual page title from the expected one...
03:57:29.976 [main] INFO  MobileProgrammingLLC.Resources.Base - Page Title Comparison Successful.
03:57:31.834 [main] DEBUG MobileProgrammingLLC.Resources.Base - Attempting to send "c@cc.com" to element "[[ChromeDriver: chrome on MAC (e04d1198ad3b6a981468c129aeb8a862)] -> xpath: //input[@id='login1']]"...
03:57:31.972 [main] INFO  MobileProgrammingLLC.Resources.Base - Content "c@cc.com" entered successfully into element "[[ChromeDriver: chrome on MAC (e04d1198ad3b6a981468c129aeb8a862)] -> xpath: //input[@id='login1']]"
03:57:32.507 [main] DEBUG MobileProgrammingLLC.Resources.Base - Attempting to send "33333" to element "[[ChromeDriver: chrome on MAC (e04d1198ad3b6a981468c129aeb8a862)] -> css selector: input#password]"...
03:57:32.585 [main] INFO  MobileProgrammingLLC.Resources.Base - Content "33333" entered successfully into element "[[ChromeDriver: chrome on MAC (e04d1198ad3b6a981468c129aeb8a862)] -> css selector: input#password]"
03:57:33.115 [main] DEBUG MobileProgrammingLLC.Resources.Base - Attempting to click on element: '[[ChromeDriver: chrome on MAC (e04d1198ad3b6a981468c129aeb8a862)] -> id: remember]'...
03:57:33.184 [main] INFO  MobileProgrammingLLC.Resources.Base - Element '[[ChromeDriver: chrome on MAC (e04d1198ad3b6a981468c129aeb8a862)] -> id: remember]' successfully clicked.
03:57:33.713 [main] DEBUG MobileProgrammingLLC.Resources.Base - Attempting to click on element: '[[ChromeDriver: chrome on MAC (e04d1198ad3b6a981468c129aeb8a862)] -> css selector: input[type='submit']]'...
03:57:33.932 [main] INFO  MobileProgrammingLLC.Resources.Base - Element '[[ChromeDriver: chrome on MAC (e04d1198ad3b6a981468c129aeb8a862)] -> css selector: input[type='submit']]' successfully clicked.
03:57:33.933 [main] DEBUG MobileProgrammingLLC.Resources.Base - Trying to compare the actual page title from the expected one...
03:57:33.937 [main] INFO  MobileProgrammingLLC.Resources.Base - Page Title Comparison Successful.
03:57:33.938 [main] DEBUG MobileProgrammingLLC.Resources.Base - Attempting to quit the driver...
03:57:34.020 [main] INFO  MobileProgrammingLLC.Resources.Base - Driver successfully quitted.
04:11:38.479 [main] DEBUG MobileProgrammingLLC.Resources.Base - Attempting to load the driver...
04:11:40.813 [main] INFO  MobileProgrammingLLC.Resources.Base - Driver successfully initialised.
04:11:40.988 [main] DEBUG MobileProgrammingLLC.Resources.Base - Attempting to get navigated to URL: "https://www.google.com/intl/en-GB/gmail/about/#"...
04:11:44.811 [main] INFO  MobileProgrammingLLC.Resources.Base - Navigation to site "https://www.google.com/intl/en-GB/gmail/about/#" successful.
04:11:44.811 [main] DEBUG MobileProgrammingLLC.Resources.Base - Trying to compare the actual page title from the expected one...
04:11:44.823 [main] INFO  MobileProgrammingLLC.Resources.Base - Page Title Comparison Successful.
04:11:45.545 [main] DEBUG MobileProgrammingLLC.Resources.Base - Attempting to click on element: '[[ChromeDriver: chrome on MAC (e61f37d945e0c2cae9ec8ca049635cfb)] -> css selector: a.gmail-nav__nav-link.gmail-nav__nav-link__sign-in]'...
04:12:27.911 [main] INFO  MobileProgrammingLLC.Resources.Base - Element 'Proxy element for: DefaultElementLocator 'By.cssSelector: a.gmail-nav__nav-link.gmail-nav__nav-link__sign-in'' successfully clicked.
04:12:28.480 [main] DEBUG MobileProgrammingLLC.Resources.Base - Attempting to send "love.vashista@mobileprogramming.net" to element "[[ChromeDriver: chrome on MAC (e61f37d945e0c2cae9ec8ca049635cfb)] -> xpath: //input[@aria-label='Email or phone']]"...
04:12:28.831 [main] INFO  MobileProgrammingLLC.Resources.Base - Content "love.vashista@mobileprogramming.net" entered successfully into element "[[ChromeDriver: chrome on MAC (e61f37d945e0c2cae9ec8ca049635cfb)] -> xpath: //input[@aria-label='Email or phone']]"
04:12:29.365 [main] DEBUG MobileProgrammingLLC.Resources.Base - Attempting to click on element: '[[ChromeDriver: chrome on MAC (e61f37d945e0c2cae9ec8ca049635cfb)] -> xpath: //span[text()='Next']]'...
04:12:29.505 [main] INFO  MobileProgrammingLLC.Resources.Base - Element '[[ChromeDriver: chrome on MAC (e61f37d945e0c2cae9ec8ca049635cfb)] -> xpath: //span[text()='Next']]' successfully clicked.
04:12:30.447 [main] DEBUG MobileProgrammingLLC.Resources.Base - Attempting to send "password12345" to element "[[ChromeDriver: chrome on MAC (e61f37d945e0c2cae9ec8ca049635cfb)] -> css selector: input[type='password']]"...
04:12:30.614 [main] INFO  MobileProgrammingLLC.Resources.Base - Content "password12345" entered successfully into element "[[ChromeDriver: chrome on MAC (e61f37d945e0c2cae9ec8ca049635cfb)] -> css selector: input[type='password']]"
04:12:31.150 [main] DEBUG MobileProgrammingLLC.Resources.Base - Attempting to click on element: '[[ChromeDriver: chrome on MAC (e61f37d945e0c2cae9ec8ca049635cfb)] -> xpath: //span[text()='Next']]'...
04:12:31.284 [main] INFO  MobileProgrammingLLC.Resources.Base - Element '[[ChromeDriver: chrome on MAC (e61f37d945e0c2cae9ec8ca049635cfb)] -> xpath: //span[text()='Next']]' successfully clicked.
04:12:32.307 [main] DEBUG MobileProgrammingLLC.Resources.Base - Attempting to compare content returned by "[[ChromeDriver: chrome on MAC (e61f37d945e0c2cae9ec8ca049635cfb)] -> xpath: //div[text()='Wrong password. Try again or click Forgot password to reset it.']]" from "Wrong password. Try again or click Forgot password to reset it." ...
04:12:32.344 [main] INFO  MobileProgrammingLLC.Resources.Base - Comparison Successful!
04:12:32.345 [main] DEBUG MobileProgrammingLLC.Resources.Base - Attempting to quit the driver...
04:12:32.519 [main] INFO  MobileProgrammingLLC.Resources.Base - Driver successfully quitted.
04:12:32.536 [main] DEBUG MobileProgrammingLLC.Resources.Base - Attempting to load the driver...
04:12:33.816 [main] INFO  MobileProgrammingLLC.Resources.Base - Driver successfully initialised.
04:12:33.970 [main] DEBUG MobileProgrammingLLC.Resources.Base - Attempting to get navigated to URL: "https://mail.rediff.com/cgi-bin/login.cgi"...
04:12:38.366 [main] INFO  MobileProgrammingLLC.Resources.Base - Navigation to site "https://mail.rediff.com/cgi-bin/login.cgi" successful.
04:12:38.379 [main] DEBUG MobileProgrammingLLC.Resources.Base - Trying to compare the actual page title from the expected one...
04:12:38.389 [main] INFO  MobileProgrammingLLC.Resources.Base - Page Title Comparison Successful.
04:12:39.016 [main] DEBUG MobileProgrammingLLC.Resources.Base - Attempting to send "a@aa.com" to element "[[ChromeDriver: chrome on MAC (856ded44b63820643045da455265300b)] -> xpath: //input[@id='login1']]"...
04:12:39.157 [main] INFO  MobileProgrammingLLC.Resources.Base - Content "a@aa.com" entered successfully into element "[[ChromeDriver: chrome on MAC (856ded44b63820643045da455265300b)] -> xpath: //input[@id='login1']]"
04:12:39.697 [main] DEBUG MobileProgrammingLLC.Resources.Base - Attempting to send "11111" to element "[[ChromeDriver: chrome on MAC (856ded44b63820643045da455265300b)] -> css selector: input#password]"...
04:12:39.774 [main] INFO  MobileProgrammingLLC.Resources.Base - Content "11111" entered successfully into element "[[ChromeDriver: chrome on MAC (856ded44b63820643045da455265300b)] -> css selector: input#password]"
04:12:40.488 [main] DEBUG MobileProgrammingLLC.Resources.Base - Attempting to click on element: '[[ChromeDriver: chrome on MAC (856ded44b63820643045da455265300b)] -> id: remember]'...
04:12:40.562 [main] INFO  MobileProgrammingLLC.Resources.Base - Element '[[ChromeDriver: chrome on MAC (856ded44b63820643045da455265300b)] -> id: remember]' successfully clicked.
04:12:46.326 [main] DEBUG MobileProgrammingLLC.Resources.Base - Attempting to click on element: '[[ChromeDriver: chrome on MAC (856ded44b63820643045da455265300b)] -> css selector: input[type='submit']]'...
04:12:46.652 [main] INFO  MobileProgrammingLLC.Resources.Base - Element '[[ChromeDriver: chrome on MAC (856ded44b63820643045da455265300b)] -> css selector: input[type='submit']]' successfully clicked.
04:12:46.653 [main] DEBUG MobileProgrammingLLC.Resources.Base - Trying to compare the actual page title from the expected one...
04:12:46.658 [main] INFO  MobileProgrammingLLC.Resources.Base - Page Title Comparison Successful.
04:12:46.659 [main] DEBUG MobileProgrammingLLC.Resources.Base - Attempting to quit the driver...
04:12:46.774 [main] INFO  MobileProgrammingLLC.Resources.Base - Driver successfully quitted.
04:12:46.778 [main] DEBUG MobileProgrammingLLC.Resources.Base - Attempting to load the driver...
04:12:48.120 [main] INFO  MobileProgrammingLLC.Resources.Base - Driver successfully initialised.
04:12:48.291 [main] DEBUG MobileProgrammingLLC.Resources.Base - Attempting to get navigated to URL: "https://mail.rediff.com/cgi-bin/login.cgi"...
04:12:48.999 [main] INFO  MobileProgrammingLLC.Resources.Base - Navigation to site "https://mail.rediff.com/cgi-bin/login.cgi" successful.
04:12:49.006 [main] DEBUG MobileProgrammingLLC.Resources.Base - Trying to compare the actual page title from the expected one...
04:12:49.014 [main] INFO  MobileProgrammingLLC.Resources.Base - Page Title Comparison Successful.
04:12:53.535 [main] DEBUG MobileProgrammingLLC.Resources.Base - Attempting to send "b@bb.com" to element "[[ChromeDriver: chrome on MAC (df8524f835d1d7c13f7c51ad56c67da8)] -> xpath: //input[@id='login1']]"...
04:12:53.676 [main] INFO  MobileProgrammingLLC.Resources.Base - Content "b@bb.com" entered successfully into element "[[ChromeDriver: chrome on MAC (df8524f835d1d7c13f7c51ad56c67da8)] -> xpath: //input[@id='login1']]"
04:12:54.211 [main] DEBUG MobileProgrammingLLC.Resources.Base - Attempting to send "22222" to element "[[ChromeDriver: chrome on MAC (df8524f835d1d7c13f7c51ad56c67da8)] -> css selector: input#password]"...
04:12:54.288 [main] INFO  MobileProgrammingLLC.Resources.Base - Content "22222" entered successfully into element "[[ChromeDriver: chrome on MAC (df8524f835d1d7c13f7c51ad56c67da8)] -> css selector: input#password]"
04:12:54.830 [main] DEBUG MobileProgrammingLLC.Resources.Base - Attempting to click on element: '[[ChromeDriver: chrome on MAC (df8524f835d1d7c13f7c51ad56c67da8)] -> id: remember]'...
04:12:54.900 [main] INFO  MobileProgrammingLLC.Resources.Base - Element '[[ChromeDriver: chrome on MAC (df8524f835d1d7c13f7c51ad56c67da8)] -> id: remember]' successfully clicked.
04:12:55.440 [main] DEBUG MobileProgrammingLLC.Resources.Base - Attempting to click on element: '[[ChromeDriver: chrome on MAC (df8524f835d1d7c13f7c51ad56c67da8)] -> css selector: input[type='submit']]'...
04:12:55.667 [main] INFO  MobileProgrammingLLC.Resources.Base - Element '[[ChromeDriver: chrome on MAC (df8524f835d1d7c13f7c51ad56c67da8)] -> css selector: input[type='submit']]' successfully clicked.
04:12:55.668 [main] DEBUG MobileProgrammingLLC.Resources.Base - Trying to compare the actual page title from the expected one...
04:12:55.673 [main] INFO  MobileProgrammingLLC.Resources.Base - Page Title Comparison Successful.
04:12:55.674 [main] DEBUG MobileProgrammingLLC.Resources.Base - Attempting to quit the driver...
04:12:55.753 [main] INFO  MobileProgrammingLLC.Resources.Base - Driver successfully quitted.
04:12:55.754 [main] DEBUG MobileProgrammingLLC.Resources.Base - Attempting to load the driver...
04:12:57.150 [main] INFO  MobileProgrammingLLC.Resources.Base - Driver successfully initialised.
04:12:57.303 [main] DEBUG MobileProgrammingLLC.Resources.Base - Attempting to get navigated to URL: "https://mail.rediff.com/cgi-bin/login.cgi"...
04:12:58.272 [main] INFO  MobileProgrammingLLC.Resources.Base - Navigation to site "https://mail.rediff.com/cgi-bin/login.cgi" successful.
04:12:58.278 [main] DEBUG MobileProgrammingLLC.Resources.Base - Trying to compare the actual page title from the expected one...
04:12:58.291 [main] INFO  MobileProgrammingLLC.Resources.Base - Page Title Comparison Successful.
04:12:59.656 [main] DEBUG MobileProgrammingLLC.Resources.Base - Attempting to send "c@cc.com" to element "[[ChromeDriver: chrome on MAC (f613c68584d53878475b1535e936c0ad)] -> xpath: //input[@id='login1']]"...
04:12:59.788 [main] INFO  MobileProgrammingLLC.Resources.Base - Content "c@cc.com" entered successfully into element "[[ChromeDriver: chrome on MAC (f613c68584d53878475b1535e936c0ad)] -> xpath: //input[@id='login1']]"
04:13:00.323 [main] DEBUG MobileProgrammingLLC.Resources.Base - Attempting to send "33333" to element "[[ChromeDriver: chrome on MAC (f613c68584d53878475b1535e936c0ad)] -> css selector: input#password]"...
04:13:00.411 [main] INFO  MobileProgrammingLLC.Resources.Base - Content "33333" entered successfully into element "[[ChromeDriver: chrome on MAC (f613c68584d53878475b1535e936c0ad)] -> css selector: input#password]"
04:13:00.944 [main] DEBUG MobileProgrammingLLC.Resources.Base - Attempting to click on element: '[[ChromeDriver: chrome on MAC (f613c68584d53878475b1535e936c0ad)] -> id: remember]'...
04:13:01.015 [main] INFO  MobileProgrammingLLC.Resources.Base - Element '[[ChromeDriver: chrome on MAC (f613c68584d53878475b1535e936c0ad)] -> id: remember]' successfully clicked.
04:13:01.545 [main] DEBUG MobileProgrammingLLC.Resources.Base - Attempting to click on element: '[[ChromeDriver: chrome on MAC (f613c68584d53878475b1535e936c0ad)] -> css selector: input[type='submit']]'...
04:13:01.760 [main] INFO  MobileProgrammingLLC.Resources.Base - Element '[[ChromeDriver: chrome on MAC (f613c68584d53878475b1535e936c0ad)] -> css selector: input[type='submit']]' successfully clicked.
04:13:01.761 [main] DEBUG MobileProgrammingLLC.Resources.Base - Trying to compare the actual page title from the expected one...
04:13:01.766 [main] INFO  MobileProgrammingLLC.Resources.Base - Page Title Comparison Successful.
04:13:01.767 [main] DEBUG MobileProgrammingLLC.Resources.Base - Attempting to quit the driver...
04:13:01.881 [main] INFO  MobileProgrammingLLC.Resources.Base - Driver successfully quitted.
04:23:07.954 [main] DEBUG MobileProgrammingLLC.Resources.Base - Attempting to load the driver...
04:23:09.959 [main] INFO  MobileProgrammingLLC.Resources.Base - Driver successfully initialised.
04:23:10.135 [main] DEBUG MobileProgrammingLLC.Resources.Base - Attempting to get navigated to URL: "https://www.google.com/intl/en-GB/gmail/about/#"...
04:23:15.330 [main] INFO  MobileProgrammingLLC.Resources.Base - Navigation to site "https://www.google.com/intl/en-GB/gmail/about/#" successful.
04:23:15.330 [main] DEBUG MobileProgrammingLLC.Resources.Base - Trying to compare the actual page title from the expected one...
04:23:15.345 [main] INFO  MobileProgrammingLLC.Resources.Base - Page Title Comparison Successful.
04:23:16.222 [main] DEBUG MobileProgrammingLLC.Resources.Base - Attempting to click on element: '[[ChromeDriver: chrome on MAC (d28200103b26e8ec63b6ff99998c7173)] -> css selector: a.gmail-nav__nav-link.gmail-nav__nav-link__sign-in]'...
04:23:58.489 [main] INFO  MobileProgrammingLLC.Resources.Base - Element 'Proxy element for: DefaultElementLocator 'By.cssSelector: a.gmail-nav__nav-link.gmail-nav__nav-link__sign-in'' successfully clicked.
04:23:58.499 [main] DEBUG MobileProgrammingLLC.Resources.Base - Attempting to quit the driver...
04:23:58.636 [main] INFO  MobileProgrammingLLC.Resources.Base - Driver successfully quitted.
04:25:22.148 [main] DEBUG MobileProgrammingLLC.Resources.Base - Attempting to load the driver...
04:25:24.329 [main] INFO  MobileProgrammingLLC.Resources.Base - Driver successfully initialised.
04:25:24.493 [main] DEBUG MobileProgrammingLLC.Resources.Base - Attempting to get navigated to URL: "https://www.google.com/intl/en-GB/gmail/about/#"...
04:25:29.670 [main] INFO  MobileProgrammingLLC.Resources.Base - Navigation to site "https://www.google.com/intl/en-GB/gmail/about/#" successful.
04:25:29.670 [main] DEBUG MobileProgrammingLLC.Resources.Base - Trying to compare the actual page title from the expected one...
04:25:29.683 [main] INFO  MobileProgrammingLLC.Resources.Base - Page Title Comparison Successful.
04:25:30.354 [main] DEBUG MobileProgrammingLLC.Resources.Base - Attempting to click on element: '[[ChromeDriver: chrome on MAC (bd56a4805e54c730c03eb255ff9edee7)] -> css selector: a.gmail-nav__nav-link.gmail-nav__nav-link__sign-in]'...
04:26:12.279 [main] INFO  MobileProgrammingLLC.Resources.Base - Element 'Proxy element for: DefaultElementLocator 'By.cssSelector: a.gmail-nav__nav-link.gmail-nav__nav-link__sign-in'' successfully clicked.
04:26:12.294 [main] DEBUG MobileProgrammingLLC.Resources.Base - Attempting to quit the driver...
04:26:12.425 [main] INFO  MobileProgrammingLLC.Resources.Base - Driver successfully quitted.
04:27:46.664 [main] DEBUG MobileProgrammingLLC.Resources.Base - Attempting to load the driver...
04:27:48.873 [main] INFO  MobileProgrammingLLC.Resources.Base - Driver successfully initialised.
04:27:49.030 [main] DEBUG MobileProgrammingLLC.Resources.Base - Attempting to get navigated to URL: "https://www.google.com/intl/en-GB/gmail/about/#"...
04:27:52.392 [main] INFO  MobileProgrammingLLC.Resources.Base - Navigation to site "https://www.google.com/intl/en-GB/gmail/about/#" successful.
04:27:52.392 [main] DEBUG MobileProgrammingLLC.Resources.Base - Trying to compare the actual page title from the expected one...
04:27:52.403 [main] INFO  MobileProgrammingLLC.Resources.Base - Page Title Comparison Successful.
04:27:53.122 [main] DEBUG MobileProgrammingLLC.Resources.Base - Attempting to click on element: '[[ChromeDriver: chrome on MAC (e0ac73e606905db730493098ae0b0b7e)] -> css selector: a.gmail-nav__nav-link.gmail-nav__nav-link__sign-in]'...
04:28:35.839 [main] INFO  MobileProgrammingLLC.Resources.Base - Element 'Proxy element for: DefaultElementLocator 'By.cssSelector: a.gmail-nav__nav-link.gmail-nav__nav-link__sign-in'' successfully clicked.
04:28:36.213 [main] DEBUG MobileProgrammingLLC.Resources.Base - Attempting to quit the driver...
04:28:36.321 [main] INFO  MobileProgrammingLLC.Resources.Base - Driver successfully quitted.
05:06:34.495 [main] DEBUG MobileProgrammingLLC.Resources.Base - Attempting to load the driver...
05:06:36.656 [main] INFO  MobileProgrammingLLC.Resources.Base - Driver successfully initialised.
05:06:36.824 [main] DEBUG MobileProgrammingLLC.Resources.Base - Attempting to get navigated to URL: "https://www.google.com/intl/en-GB/gmail/about/#"...
05:06:39.162 [main] INFO  MobileProgrammingLLC.Resources.Base - Navigation to site "https://www.google.com/intl/en-GB/gmail/about/#" successful.
05:06:39.162 [main] DEBUG MobileProgrammingLLC.Resources.Base - Trying to compare the actual page title from the expected one...
05:06:39.174 [main] INFO  MobileProgrammingLLC.Resources.Base - Page Title Comparison Successful.
05:06:39.881 [main] DEBUG MobileProgrammingLLC.Resources.Base - Attempting to click on element: '[[ChromeDriver: chrome on MAC (70360d98e6f35b6ff9a37550ecea1a2b)] -> css selector: a.gmail-nav__nav-link.gmail-nav__nav-link__sign-in]'...
05:07:21.779 [main] INFO  MobileProgrammingLLC.Resources.Base - Element 'Proxy element for: DefaultElementLocator 'By.cssSelector: a.gmail-nav__nav-link.gmail-nav__nav-link__sign-in'' successfully clicked.
05:07:22.358 [main] DEBUG MobileProgrammingLLC.Resources.Base - Attempting to send "love.vashista@mobileprogramming.net" to element "[[ChromeDriver: chrome on MAC (70360d98e6f35b6ff9a37550ecea1a2b)] -> xpath: //input[@aria-label='Email or phone']]"...
05:07:22.726 [main] INFO  MobileProgrammingLLC.Resources.Base - Content "love.vashista@mobileprogramming.net" entered successfully into element "[[ChromeDriver: chrome on MAC (70360d98e6f35b6ff9a37550ecea1a2b)] -> xpath: //input[@aria-label='Email or phone']]"
05:07:23.265 [main] DEBUG MobileProgrammingLLC.Resources.Base - Attempting to click on element: '[[ChromeDriver: chrome on MAC (70360d98e6f35b6ff9a37550ecea1a2b)] -> xpath: //span[text()='Next']]'...
05:07:23.408 [main] INFO  MobileProgrammingLLC.Resources.Base - Element '[[ChromeDriver: chrome on MAC (70360d98e6f35b6ff9a37550ecea1a2b)] -> xpath: //span[text()='Next']]' successfully clicked.
05:07:24.314 [main] DEBUG MobileProgrammingLLC.Resources.Base - Attempting to send "password12345" to element "[[ChromeDriver: chrome on MAC (70360d98e6f35b6ff9a37550ecea1a2b)] -> css selector: input[type='password']]"...
05:07:24.475 [main] INFO  MobileProgrammingLLC.Resources.Base - Content "password12345" entered successfully into element "[[ChromeDriver: chrome on MAC (70360d98e6f35b6ff9a37550ecea1a2b)] -> css selector: input[type='password']]"
05:07:25.009 [main] DEBUG MobileProgrammingLLC.Resources.Base - Attempting to click on element: '[[ChromeDriver: chrome on MAC (70360d98e6f35b6ff9a37550ecea1a2b)] -> xpath: //span[text()='Next']]'...
05:07:25.157 [main] INFO  MobileProgrammingLLC.Resources.Base - Element '[[ChromeDriver: chrome on MAC (70360d98e6f35b6ff9a37550ecea1a2b)] -> xpath: //span[text()='Next']]' successfully clicked.
05:07:25.564 [main] DEBUG MobileProgrammingLLC.Resources.Base - Attempting to quit the driver...
05:07:25.698 [main] INFO  MobileProgrammingLLC.Resources.Base - Driver successfully quitted.
05:11:01.838 [main] DEBUG MobileProgrammingLLC.Resources.Base - Attempting to load the driver...
05:11:03.968 [main] INFO  MobileProgrammingLLC.Resources.Base - Driver successfully initialised.
05:11:04.138 [main] DEBUG MobileProgrammingLLC.Resources.Base - Attempting to get navigated to URL: "https://www.google.com/intl/en-GB/gmail/about/#"...
05:11:08.440 [main] INFO  MobileProgrammingLLC.Resources.Base - Navigation to site "https://www.google.com/intl/en-GB/gmail/about/#" successful.
05:11:08.440 [main] DEBUG MobileProgrammingLLC.Resources.Base - Trying to compare the actual page title from the expected one...
05:11:08.449 [main] INFO  MobileProgrammingLLC.Resources.Base - Page Title Comparison Successful.
05:11:09.124 [main] DEBUG MobileProgrammingLLC.Resources.Base - Attempting to click on element: '[[ChromeDriver: chrome on MAC (642e4997e895d4a975b8b783f609003b)] -> css selector: a.gmail-nav__nav-link.gmail-nav__nav-link__sign-in]'...
05:11:50.856 [main] INFO  MobileProgrammingLLC.Resources.Base - Element 'Proxy element for: DefaultElementLocator 'By.cssSelector: a.gmail-nav__nav-link.gmail-nav__nav-link__sign-in'' successfully clicked.
05:11:51.442 [main] DEBUG MobileProgrammingLLC.Resources.Base - Attempting to send "love.vashista@mobileprogramming.net" to element "[[ChromeDriver: chrome on MAC (642e4997e895d4a975b8b783f609003b)] -> xpath: //input[@aria-label='Email or phone']]"...
05:11:51.808 [main] INFO  MobileProgrammingLLC.Resources.Base - Content "love.vashista@mobileprogramming.net" entered successfully into element "[[ChromeDriver: chrome on MAC (642e4997e895d4a975b8b783f609003b)] -> xpath: //input[@aria-label='Email or phone']]"
05:11:52.350 [main] DEBUG MobileProgrammingLLC.Resources.Base - Attempting to click on element: '[[ChromeDriver: chrome on MAC (642e4997e895d4a975b8b783f609003b)] -> xpath: //span[text()='Next']]'...
05:11:52.569 [main] INFO  MobileProgrammingLLC.Resources.Base - Element '[[ChromeDriver: chrome on MAC (642e4997e895d4a975b8b783f609003b)] -> xpath: //span[text()='Next']]' successfully clicked.
05:11:53.408 [main] DEBUG MobileProgrammingLLC.Resources.Base - Attempting to send "password12345" to element "[[ChromeDriver: chrome on MAC (642e4997e895d4a975b8b783f609003b)] -> css selector: input[type='password']]"...
05:11:53.571 [main] INFO  MobileProgrammingLLC.Resources.Base - Content "password12345" entered successfully into element "[[ChromeDriver: chrome on MAC (642e4997e895d4a975b8b783f609003b)] -> css selector: input[type='password']]"
05:11:54.102 [main] DEBUG MobileProgrammingLLC.Resources.Base - Attempting to click on element: '[[ChromeDriver: chrome on MAC (642e4997e895d4a975b8b783f609003b)] -> xpath: //span[text()='Next']]'...
05:11:54.259 [main] INFO  MobileProgrammingLLC.Resources.Base - Element '[[ChromeDriver: chrome on MAC (642e4997e895d4a975b8b783f609003b)] -> xpath: //span[text()='Next']]' successfully clicked.
05:11:55.277 [main] DEBUG MobileProgrammingLLC.Resources.Base - Attempting to compare content returned by "[[ChromeDriver: chrome on MAC (642e4997e895d4a975b8b783f609003b)] -> xpath: //div[text()='Wrong password. Try again or click Forgot password to reset it.']]" from "Wrong password. Try again or click Forgot password to reset it." ...
05:11:55.314 [main] INFO  MobileProgrammingLLC.Resources.Base - Comparison Successful!
05:11:55.314 [main] DEBUG MobileProgrammingLLC.Resources.Base - Attempting to quit the driver...
05:11:55.407 [main] INFO  MobileProgrammingLLC.Resources.Base - Driver successfully quitted.
05:11:55.423 [main] DEBUG MobileProgrammingLLC.Resources.Base - Attempting to load the driver...
05:11:56.675 [main] INFO  MobileProgrammingLLC.Resources.Base - Driver successfully initialised.
05:11:56.835 [main] DEBUG MobileProgrammingLLC.Resources.Base - Attempting to get navigated to URL: "https://mail.rediff.com/cgi-bin/login.cgi"...
05:12:00.496 [main] INFO  MobileProgrammingLLC.Resources.Base - Navigation to site "https://mail.rediff.com/cgi-bin/login.cgi" successful.
05:12:00.508 [main] DEBUG MobileProgrammingLLC.Resources.Base - Trying to compare the actual page title from the expected one...
05:12:00.516 [main] INFO  MobileProgrammingLLC.Resources.Base - Page Title Comparison Successful.
05:12:01.420 [main] DEBUG MobileProgrammingLLC.Resources.Base - Attempting to send "a@aa.com" to element "[[ChromeDriver: chrome on MAC (1a44de7fd02378ee99aae53b226e381e)] -> xpath: //input[@id='login1']]"...
05:12:01.535 [main] INFO  MobileProgrammingLLC.Resources.Base - Content "a@aa.com" entered successfully into element "[[ChromeDriver: chrome on MAC (1a44de7fd02378ee99aae53b226e381e)] -> xpath: //input[@id='login1']]"
05:12:02.071 [main] DEBUG MobileProgrammingLLC.Resources.Base - Attempting to send "11111" to element "[[ChromeDriver: chrome on MAC (1a44de7fd02378ee99aae53b226e381e)] -> css selector: input#password]"...
05:12:02.151 [main] INFO  MobileProgrammingLLC.Resources.Base - Content "11111" entered successfully into element "[[ChromeDriver: chrome on MAC (1a44de7fd02378ee99aae53b226e381e)] -> css selector: input#password]"
05:12:02.689 [main] DEBUG MobileProgrammingLLC.Resources.Base - Attempting to click on element: '[[ChromeDriver: chrome on MAC (1a44de7fd02378ee99aae53b226e381e)] -> id: remember]'...
05:12:02.761 [main] INFO  MobileProgrammingLLC.Resources.Base - Element '[[ChromeDriver: chrome on MAC (1a44de7fd02378ee99aae53b226e381e)] -> id: remember]' successfully clicked.
05:12:03.300 [main] DEBUG MobileProgrammingLLC.Resources.Base - Attempting to click on element: '[[ChromeDriver: chrome on MAC (1a44de7fd02378ee99aae53b226e381e)] -> css selector: input[type='submit']]'...
05:12:03.515 [main] INFO  MobileProgrammingLLC.Resources.Base - Element '[[ChromeDriver: chrome on MAC (1a44de7fd02378ee99aae53b226e381e)] -> css selector: input[type='submit']]' successfully clicked.
05:12:03.516 [main] DEBUG MobileProgrammingLLC.Resources.Base - Trying to compare the actual page title from the expected one...
05:12:03.521 [main] INFO  MobileProgrammingLLC.Resources.Base - Page Title Comparison Successful.
05:12:03.522 [main] DEBUG MobileProgrammingLLC.Resources.Base - Attempting to quit the driver...
05:12:03.605 [main] INFO  MobileProgrammingLLC.Resources.Base - Driver successfully quitted.
05:12:03.606 [main] DEBUG MobileProgrammingLLC.Resources.Base - Attempting to quit the driver...
05:12:03.606 [main] ERROR MobileProgrammingLLC.Resources.Base - Quitting driver failed!
05:12:03.606 [main] INFO  MobileProgrammingLLC.Resources.Base - Driver successfully quitted.
05:12:03.608 [main] DEBUG MobileProgrammingLLC.Resources.Base - Attempting to load the driver...
05:12:04.801 [main] INFO  MobileProgrammingLLC.Resources.Base - Driver successfully initialised.
05:12:04.952 [main] DEBUG MobileProgrammingLLC.Resources.Base - Attempting to get navigated to URL: "https://mail.rediff.com/cgi-bin/login.cgi"...
05:12:05.699 [main] INFO  MobileProgrammingLLC.Resources.Base - Navigation to site "https://mail.rediff.com/cgi-bin/login.cgi" successful.
05:12:05.706 [main] DEBUG MobileProgrammingLLC.Resources.Base - Trying to compare the actual page title from the expected one...
05:12:05.713 [main] INFO  MobileProgrammingLLC.Resources.Base - Page Title Comparison Successful.
05:12:06.541 [main] DEBUG MobileProgrammingLLC.Resources.Base - Attempting to send "b@bb.com" to element "[[ChromeDriver: chrome on MAC (85184f461de04333af31e7ae193603f8)] -> xpath: //input[@id='login1']]"...
05:12:06.674 [main] INFO  MobileProgrammingLLC.Resources.Base - Content "b@bb.com" entered successfully into element "[[ChromeDriver: chrome on MAC (85184f461de04333af31e7ae193603f8)] -> xpath: //input[@id='login1']]"
05:12:07.201 [main] DEBUG MobileProgrammingLLC.Resources.Base - Attempting to send "22222" to element "[[ChromeDriver: chrome on MAC (85184f461de04333af31e7ae193603f8)] -> css selector: input#password]"...
05:12:07.278 [main] INFO  MobileProgrammingLLC.Resources.Base - Content "22222" entered successfully into element "[[ChromeDriver: chrome on MAC (85184f461de04333af31e7ae193603f8)] -> css selector: input#password]"
05:12:07.814 [main] DEBUG MobileProgrammingLLC.Resources.Base - Attempting to click on element: '[[ChromeDriver: chrome on MAC (85184f461de04333af31e7ae193603f8)] -> id: remember]'...
05:12:07.883 [main] INFO  MobileProgrammingLLC.Resources.Base - Element '[[ChromeDriver: chrome on MAC (85184f461de04333af31e7ae193603f8)] -> id: remember]' successfully clicked.
05:12:08.428 [main] DEBUG MobileProgrammingLLC.Resources.Base - Attempting to click on element: '[[ChromeDriver: chrome on MAC (85184f461de04333af31e7ae193603f8)] -> css selector: input[type='submit']]'...
05:12:08.681 [main] INFO  MobileProgrammingLLC.Resources.Base - Element '[[ChromeDriver: chrome on MAC (85184f461de04333af31e7ae193603f8)] -> css selector: input[type='submit']]' successfully clicked.
05:12:08.682 [main] DEBUG MobileProgrammingLLC.Resources.Base - Trying to compare the actual page title from the expected one...
05:12:08.688 [main] INFO  MobileProgrammingLLC.Resources.Base - Page Title Comparison Successful.
05:12:08.689 [main] DEBUG MobileProgrammingLLC.Resources.Base - Attempting to quit the driver...
05:12:08.773 [main] INFO  MobileProgrammingLLC.Resources.Base - Driver successfully quitted.
05:12:08.795 [main] DEBUG MobileProgrammingLLC.Resources.Base - Attempting to quit the driver...
05:12:08.795 [main] ERROR MobileProgrammingLLC.Resources.Base - Quitting driver failed!
05:12:08.795 [main] INFO  MobileProgrammingLLC.Resources.Base - Driver successfully quitted.
05:12:08.797 [main] DEBUG MobileProgrammingLLC.Resources.Base - Attempting to load the driver...
05:12:09.968 [main] INFO  MobileProgrammingLLC.Resources.Base - Driver successfully initialised.
05:12:10.120 [main] DEBUG MobileProgrammingLLC.Resources.Base - Attempting to get navigated to URL: "https://mail.rediff.com/cgi-bin/login.cgi"...
05:12:10.773 [main] INFO  MobileProgrammingLLC.Resources.Base - Navigation to site "https://mail.rediff.com/cgi-bin/login.cgi" successful.
05:12:10.780 [main] DEBUG MobileProgrammingLLC.Resources.Base - Trying to compare the actual page title from the expected one...
05:12:10.786 [main] INFO  MobileProgrammingLLC.Resources.Base - Page Title Comparison Successful.
05:12:11.591 [main] DEBUG MobileProgrammingLLC.Resources.Base - Attempting to send "c@cc.com" to element "[[ChromeDriver: chrome on MAC (db6190ebcb2054f2766d7098858284f8)] -> xpath: //input[@id='login1']]"...
05:12:11.724 [main] INFO  MobileProgrammingLLC.Resources.Base - Content "c@cc.com" entered successfully into element "[[ChromeDriver: chrome on MAC (db6190ebcb2054f2766d7098858284f8)] -> xpath: //input[@id='login1']]"
05:12:12.258 [main] DEBUG MobileProgrammingLLC.Resources.Base - Attempting to send "33333" to element "[[ChromeDriver: chrome on MAC (db6190ebcb2054f2766d7098858284f8)] -> css selector: input#password]"...
05:12:12.331 [main] INFO  MobileProgrammingLLC.Resources.Base - Content "33333" entered successfully into element "[[ChromeDriver: chrome on MAC (db6190ebcb2054f2766d7098858284f8)] -> css selector: input#password]"
05:12:12.869 [main] DEBUG MobileProgrammingLLC.Resources.Base - Attempting to click on element: '[[ChromeDriver: chrome on MAC (db6190ebcb2054f2766d7098858284f8)] -> id: remember]'...
05:12:12.938 [main] INFO  MobileProgrammingLLC.Resources.Base - Element '[[ChromeDriver: chrome on MAC (db6190ebcb2054f2766d7098858284f8)] -> id: remember]' successfully clicked.
05:12:13.475 [main] DEBUG MobileProgrammingLLC.Resources.Base - Attempting to click on element: '[[ChromeDriver: chrome on MAC (db6190ebcb2054f2766d7098858284f8)] -> css selector: input[type='submit']]'...
05:12:13.695 [main] INFO  MobileProgrammingLLC.Resources.Base - Element '[[ChromeDriver: chrome on MAC (db6190ebcb2054f2766d7098858284f8)] -> css selector: input[type='submit']]' successfully clicked.
05:12:13.696 [main] DEBUG MobileProgrammingLLC.Resources.Base - Trying to compare the actual page title from the expected one...
05:12:13.701 [main] INFO  MobileProgrammingLLC.Resources.Base - Page Title Comparison Successful.
05:12:13.701 [main] DEBUG MobileProgrammingLLC.Resources.Base - Attempting to quit the driver...
05:12:13.841 [main] INFO  MobileProgrammingLLC.Resources.Base - Driver successfully quitted.
05:12:13.843 [main] DEBUG MobileProgrammingLLC.Resources.Base - Attempting to quit the driver...
05:12:13.843 [main] ERROR MobileProgrammingLLC.Resources.Base - Quitting driver failed!
05:12:13.844 [main] INFO  MobileProgrammingLLC.Resources.Base - Driver successfully quitted.
05:15:43.405 [main] DEBUG MobileProgrammingLLC.Resources.Base - Attempting to load the driver...
05:15:45.578 [main] INFO  MobileProgrammingLLC.Resources.Base - Driver successfully initialised.
05:15:45.743 [main] DEBUG MobileProgrammingLLC.Resources.Base - Attempting to get navigated to URL: "https://www.google.com/intl/en-GB/gmail/about/#"...
05:15:49.623 [main] INFO  MobileProgrammingLLC.Resources.Base - Navigation to site "https://www.google.com/intl/en-GB/gmail/about/#" successful.
05:15:49.623 [main] DEBUG MobileProgrammingLLC.Resources.Base - Trying to compare the actual page title from the expected one...
05:15:49.632 [main] INFO  MobileProgrammingLLC.Resources.Base - Page Title Comparison Successful.
05:15:50.309 [main] DEBUG MobileProgrammingLLC.Resources.Base - Attempting to click on element: '[[ChromeDriver: chrome on MAC (4629c9d69a2a70fc7f46127f2cf21600)] -> css selector: a.gmail-nav__nav-link.gmail-nav__nav-link__sign-in]'...
05:16:32.556 [main] INFO  MobileProgrammingLLC.Resources.Base - Element 'Proxy element for: DefaultElementLocator 'By.cssSelector: a.gmail-nav__nav-link.gmail-nav__nav-link__sign-in'' successfully clicked.
05:16:33.132 [main] DEBUG MobileProgrammingLLC.Resources.Base - Attempting to send "love.vashista@mobileprogramming.net" to element "[[ChromeDriver: chrome on MAC (4629c9d69a2a70fc7f46127f2cf21600)] -> xpath: //input[@aria-label='Email or phone']]"...
05:16:33.495 [main] INFO  MobileProgrammingLLC.Resources.Base - Content "love.vashista@mobileprogramming.net" entered successfully into element "[[ChromeDriver: chrome on MAC (4629c9d69a2a70fc7f46127f2cf21600)] -> xpath: //input[@aria-label='Email or phone']]"
05:16:34.043 [main] DEBUG MobileProgrammingLLC.Resources.Base - Attempting to click on element: '[[ChromeDriver: chrome on MAC (4629c9d69a2a70fc7f46127f2cf21600)] -> xpath: //span[text()='Next']]'...
05:16:34.262 [main] INFO  MobileProgrammingLLC.Resources.Base - Element '[[ChromeDriver: chrome on MAC (4629c9d69a2a70fc7f46127f2cf21600)] -> xpath: //span[text()='Next']]' successfully clicked.
05:16:35.167 [main] DEBUG MobileProgrammingLLC.Resources.Base - Attempting to send "password12345" to element "[[ChromeDriver: chrome on MAC (4629c9d69a2a70fc7f46127f2cf21600)] -> css selector: input[type='password']]"...
05:16:35.315 [main] INFO  MobileProgrammingLLC.Resources.Base - Content "password12345" entered successfully into element "[[ChromeDriver: chrome on MAC (4629c9d69a2a70fc7f46127f2cf21600)] -> css selector: input[type='password']]"
05:16:35.850 [main] DEBUG MobileProgrammingLLC.Resources.Base - Attempting to click on element: '[[ChromeDriver: chrome on MAC (4629c9d69a2a70fc7f46127f2cf21600)] -> xpath: //span[text()='Next']]'...
05:16:35.997 [main] INFO  MobileProgrammingLLC.Resources.Base - Element '[[ChromeDriver: chrome on MAC (4629c9d69a2a70fc7f46127f2cf21600)] -> xpath: //span[text()='Next']]' successfully clicked.
05:16:37.076 [main] DEBUG MobileProgrammingLLC.Resources.Base - Attempting to compare content returned by "[[ChromeDriver: chrome on MAC (4629c9d69a2a70fc7f46127f2cf21600)] -> xpath: //div[text()='Wrong password. Try again or click Forgot password to reset it.']]" from "Wrong password. Try again or click Forgot password to reset it." ...
05:16:37.110 [main] INFO  MobileProgrammingLLC.Resources.Base - Comparison Successful!
05:16:37.111 [main] DEBUG MobileProgrammingLLC.Resources.Base - Attempting to quit the driver...
05:16:37.199 [main] INFO  MobileProgrammingLLC.Resources.Base - Driver successfully quitted.
05:16:37.211 [main] DEBUG MobileProgrammingLLC.Resources.Base - Attempting to load the driver...
05:16:38.434 [main] INFO  MobileProgrammingLLC.Resources.Base - Driver successfully initialised.
05:16:38.587 [main] DEBUG MobileProgrammingLLC.Resources.Base - Attempting to get navigated to URL: "https://mail.rediff.com/cgi-bin/login.cgi"...
05:16:42.216 [main] INFO  MobileProgrammingLLC.Resources.Base - Navigation to site "https://mail.rediff.com/cgi-bin/login.cgi" successful.
05:16:42.230 [main] DEBUG MobileProgrammingLLC.Resources.Base - Trying to compare the actual page title from the expected one...
05:16:42.238 [main] INFO  MobileProgrammingLLC.Resources.Base - Page Title Comparison Successful.
05:16:42.808 [main] DEBUG MobileProgrammingLLC.Resources.Base - Attempting to send "a@aa.com" to element "[[ChromeDriver: chrome on MAC (ec6fe37b813138bb419d2f6a86210db7)] -> xpath: //input[@id='login1']]"...
05:16:42.989 [main] INFO  MobileProgrammingLLC.Resources.Base - Content "a@aa.com" entered successfully into element "[[ChromeDriver: chrome on MAC (ec6fe37b813138bb419d2f6a86210db7)] -> xpath: //input[@id='login1']]"
05:16:56.659 [main] DEBUG MobileProgrammingLLC.Resources.Base - Attempting to send "11111" to element "[[ChromeDriver: chrome on MAC (ec6fe37b813138bb419d2f6a86210db7)] -> css selector: input#password]"...
05:16:56.751 [main] INFO  MobileProgrammingLLC.Resources.Base - Content "11111" entered successfully into element "[[ChromeDriver: chrome on MAC (ec6fe37b813138bb419d2f6a86210db7)] -> css selector: input#password]"
05:16:57.302 [main] DEBUG MobileProgrammingLLC.Resources.Base - Attempting to click on element: '[[ChromeDriver: chrome on MAC (ec6fe37b813138bb419d2f6a86210db7)] -> id: remember]'...
05:16:57.379 [main] INFO  MobileProgrammingLLC.Resources.Base - Element '[[ChromeDriver: chrome on MAC (ec6fe37b813138bb419d2f6a86210db7)] -> id: remember]' successfully clicked.
05:16:57.921 [main] DEBUG MobileProgrammingLLC.Resources.Base - Attempting to click on element: '[[ChromeDriver: chrome on MAC (ec6fe37b813138bb419d2f6a86210db7)] -> css selector: input[type='submit']]'...
05:16:58.249 [main] INFO  MobileProgrammingLLC.Resources.Base - Element '[[ChromeDriver: chrome on MAC (ec6fe37b813138bb419d2f6a86210db7)] -> css selector: input[type='submit']]' successfully clicked.
05:16:58.251 [main] DEBUG MobileProgrammingLLC.Resources.Base - Trying to compare the actual page title from the expected one...
05:16:58.258 [main] INFO  MobileProgrammingLLC.Resources.Base - Page Title Comparison Successful.
05:16:58.259 [main] DEBUG MobileProgrammingLLC.Resources.Base - Attempting to quit the driver...
05:16:58.375 [main] INFO  MobileProgrammingLLC.Resources.Base - Driver successfully quitted.
05:16:58.376 [main] DEBUG MobileProgrammingLLC.Resources.Base - Attempting to load the driver...
05:16:59.566 [main] INFO  MobileProgrammingLLC.Resources.Base - Driver successfully initialised.
05:16:59.720 [main] DEBUG MobileProgrammingLLC.Resources.Base - Attempting to get navigated to URL: "https://mail.rediff.com/cgi-bin/login.cgi"...
05:17:00.337 [main] INFO  MobileProgrammingLLC.Resources.Base - Navigation to site "https://mail.rediff.com/cgi-bin/login.cgi" successful.
05:17:00.345 [main] DEBUG MobileProgrammingLLC.Resources.Base - Trying to compare the actual page title from the expected one...
05:17:00.355 [main] INFO  MobileProgrammingLLC.Resources.Base - Page Title Comparison Successful.
05:17:01.151 [main] DEBUG MobileProgrammingLLC.Resources.Base - Attempting to send "b@bb.com" to element "[[ChromeDriver: chrome on MAC (62faac4c0b6b0c9ccc95baaceb84e6ef)] -> xpath: //input[@id='login1']]"...
05:17:01.288 [main] INFO  MobileProgrammingLLC.Resources.Base - Content "b@bb.com" entered successfully into element "[[ChromeDriver: chrome on MAC (62faac4c0b6b0c9ccc95baaceb84e6ef)] -> xpath: //input[@id='login1']]"
05:17:01.820 [main] DEBUG MobileProgrammingLLC.Resources.Base - Attempting to send "22222" to element "[[ChromeDriver: chrome on MAC (62faac4c0b6b0c9ccc95baaceb84e6ef)] -> css selector: input#password]"...
05:17:01.895 [main] INFO  MobileProgrammingLLC.Resources.Base - Content "22222" entered successfully into element "[[ChromeDriver: chrome on MAC (62faac4c0b6b0c9ccc95baaceb84e6ef)] -> css selector: input#password]"
05:17:02.431 [main] DEBUG MobileProgrammingLLC.Resources.Base - Attempting to click on element: '[[ChromeDriver: chrome on MAC (62faac4c0b6b0c9ccc95baaceb84e6ef)] -> id: remember]'...
05:17:02.499 [main] INFO  MobileProgrammingLLC.Resources.Base - Element '[[ChromeDriver: chrome on MAC (62faac4c0b6b0c9ccc95baaceb84e6ef)] -> id: remember]' successfully clicked.
05:17:03.024 [main] DEBUG MobileProgrammingLLC.Resources.Base - Attempting to click on element: '[[ChromeDriver: chrome on MAC (62faac4c0b6b0c9ccc95baaceb84e6ef)] -> css selector: input[type='submit']]'...
05:17:03.261 [main] INFO  MobileProgrammingLLC.Resources.Base - Element '[[ChromeDriver: chrome on MAC (62faac4c0b6b0c9ccc95baaceb84e6ef)] -> css selector: input[type='submit']]' successfully clicked.
05:17:03.262 [main] DEBUG MobileProgrammingLLC.Resources.Base - Trying to compare the actual page title from the expected one...
05:17:03.267 [main] INFO  MobileProgrammingLLC.Resources.Base - Page Title Comparison Successful.
05:17:03.268 [main] DEBUG MobileProgrammingLLC.Resources.Base - Attempting to quit the driver...
05:17:03.351 [main] INFO  MobileProgrammingLLC.Resources.Base - Driver successfully quitted.
05:17:03.353 [main] DEBUG MobileProgrammingLLC.Resources.Base - Attempting to load the driver...
05:17:04.556 [main] INFO  MobileProgrammingLLC.Resources.Base - Driver successfully initialised.
05:17:04.711 [main] DEBUG MobileProgrammingLLC.Resources.Base - Attempting to get navigated to URL: "https://mail.rediff.com/cgi-bin/login.cgi"...
05:17:05.374 [main] INFO  MobileProgrammingLLC.Resources.Base - Navigation to site "https://mail.rediff.com/cgi-bin/login.cgi" successful.
05:17:05.380 [main] DEBUG MobileProgrammingLLC.Resources.Base - Trying to compare the actual page title from the expected one...
05:17:05.389 [main] INFO  MobileProgrammingLLC.Resources.Base - Page Title Comparison Successful.
05:17:06.534 [main] DEBUG MobileProgrammingLLC.Resources.Base - Attempting to send "c@cc.com" to element "[[ChromeDriver: chrome on MAC (8754febf4f6de666e672510e93b6f400)] -> xpath: //input[@id='login1']]"...
05:17:06.669 [main] INFO  MobileProgrammingLLC.Resources.Base - Content "c@cc.com" entered successfully into element "[[ChromeDriver: chrome on MAC (8754febf4f6de666e672510e93b6f400)] -> xpath: //input[@id='login1']]"
05:17:07.193 [main] DEBUG MobileProgrammingLLC.Resources.Base - Attempting to send "33333" to element "[[ChromeDriver: chrome on MAC (8754febf4f6de666e672510e93b6f400)] -> css selector: input#password]"...
05:17:07.273 [main] INFO  MobileProgrammingLLC.Resources.Base - Content "33333" entered successfully into element "[[ChromeDriver: chrome on MAC (8754febf4f6de666e672510e93b6f400)] -> css selector: input#password]"
05:17:07.810 [main] DEBUG MobileProgrammingLLC.Resources.Base - Attempting to click on element: '[[ChromeDriver: chrome on MAC (8754febf4f6de666e672510e93b6f400)] -> id: remember]'...
05:17:07.877 [main] INFO  MobileProgrammingLLC.Resources.Base - Element '[[ChromeDriver: chrome on MAC (8754febf4f6de666e672510e93b6f400)] -> id: remember]' successfully clicked.
05:17:08.413 [main] DEBUG MobileProgrammingLLC.Resources.Base - Attempting to click on element: '[[ChromeDriver: chrome on MAC (8754febf4f6de666e672510e93b6f400)] -> css selector: input[type='submit']]'...
05:17:08.639 [main] INFO  MobileProgrammingLLC.Resources.Base - Element '[[ChromeDriver: chrome on MAC (8754febf4f6de666e672510e93b6f400)] -> css selector: input[type='submit']]' successfully clicked.
05:17:08.639 [main] DEBUG MobileProgrammingLLC.Resources.Base - Trying to compare the actual page title from the expected one...
05:17:08.644 [main] INFO  MobileProgrammingLLC.Resources.Base - Page Title Comparison Successful.
05:17:08.645 [main] DEBUG MobileProgrammingLLC.Resources.Base - Attempting to quit the driver...
05:17:08.780 [main] INFO  MobileProgrammingLLC.Resources.Base - Driver successfully quitted.
23:38:35.863 [main] DEBUG MobileProgrammingLLC.Resources.Base - Attempting to load the driver...
23:38:38.381 [main] INFO  MobileProgrammingLLC.Resources.Base - Driver successfully initialised.
23:38:38.534 [main] DEBUG MobileProgrammingLLC.Resources.Base - Attempting to get navigated to URL: "https://www.google.com/intl/en-GB/gmail/about/#"...
23:38:41.223 [main] INFO  MobileProgrammingLLC.Resources.Base - Navigation to site "https://www.google.com/intl/en-GB/gmail/about/#" successful.
23:38:41.223 [main] DEBUG MobileProgrammingLLC.Resources.Base - Trying to compare the actual page title from the expected one...
23:38:41.237 [main] INFO  MobileProgrammingLLC.Resources.Base - Page Title Comparison Successful.
23:38:42.010 [main] DEBUG MobileProgrammingLLC.Resources.Base - Attempting to click on element: '[[ChromeDriver: chrome on MAC (df9273c12cea7632eced9358d029f893)] -> css selector: a.gmail-nav__nav-link.gmail-nav__nav-link__sign-in]'...
23:39:23.748 [main] INFO  MobileProgrammingLLC.Resources.Base - Element 'Proxy element for: DefaultElementLocator 'By.cssSelector: a.gmail-nav__nav-link.gmail-nav__nav-link__sign-in'' successfully clicked.
23:39:24.384 [main] DEBUG MobileProgrammingLLC.Resources.Base - Attempting to send "love.vashista@mobileprogramming.net" to element "[[ChromeDriver: chrome on MAC (df9273c12cea7632eced9358d029f893)] -> xpath: //input[@aria-label='Email or phone']]"...
23:39:24.750 [main] INFO  MobileProgrammingLLC.Resources.Base - Content "love.vashista@mobileprogramming.net" entered successfully into element "[[ChromeDriver: chrome on MAC (df9273c12cea7632eced9358d029f893)] -> xpath: //input[@aria-label='Email or phone']]"
23:39:25.294 [main] DEBUG MobileProgrammingLLC.Resources.Base - Attempting to click on element: '[[ChromeDriver: chrome on MAC (df9273c12cea7632eced9358d029f893)] -> xpath: //span[text()='Next']]'...
23:39:25.515 [main] INFO  MobileProgrammingLLC.Resources.Base - Element '[[ChromeDriver: chrome on MAC (df9273c12cea7632eced9358d029f893)] -> xpath: //span[text()='Next']]' successfully clicked.
23:39:26.418 [main] DEBUG MobileProgrammingLLC.Resources.Base - Attempting to send "password12345" to element "[[ChromeDriver: chrome on MAC (df9273c12cea7632eced9358d029f893)] -> css selector: input[type='password']]"...
23:39:26.572 [main] INFO  MobileProgrammingLLC.Resources.Base - Content "password12345" entered successfully into element "[[ChromeDriver: chrome on MAC (df9273c12cea7632eced9358d029f893)] -> css selector: input[type='password']]"
23:39:27.112 [main] DEBUG MobileProgrammingLLC.Resources.Base - Attempting to click on element: '[[ChromeDriver: chrome on MAC (df9273c12cea7632eced9358d029f893)] -> xpath: //span[text()='Next']]'...
23:39:27.247 [main] INFO  MobileProgrammingLLC.Resources.Base - Element '[[ChromeDriver: chrome on MAC (df9273c12cea7632eced9358d029f893)] -> xpath: //span[text()='Next']]' successfully clicked.
23:39:28.270 [main] DEBUG MobileProgrammingLLC.Resources.Base - Attempting to compare content returned by "[[ChromeDriver: chrome on MAC (df9273c12cea7632eced9358d029f893)] -> xpath: //div[text()='Wrong password. Try again or click Forgot password to reset it.']]" from "Wrong password. Try again or click Forgot password to reset it." ...
23:39:28.306 [main] INFO  MobileProgrammingLLC.Resources.Base - Comparison Successful!
23:39:28.307 [main] DEBUG MobileProgrammingLLC.Resources.Base - Attempting to quit the driver...
23:39:28.503 [main] INFO  MobileProgrammingLLC.Resources.Base - Driver successfully quitted.
23:39:28.514 [main] DEBUG MobileProgrammingLLC.Resources.Base - Attempting to load the driver...
23:39:29.711 [main] INFO  MobileProgrammingLLC.Resources.Base - Driver successfully initialised.
23:39:29.865 [main] DEBUG MobileProgrammingLLC.Resources.Base - Attempting to get navigated to URL: "https://mail.rediff.com/cgi-bin/login.cgi"...
23:39:31.030 [main] INFO  MobileProgrammingLLC.Resources.Base - Navigation to site "https://mail.rediff.com/cgi-bin/login.cgi" successful.
23:39:31.038 [main] DEBUG MobileProgrammingLLC.Resources.Base - Trying to compare the actual page title from the expected one...
23:39:31.049 [main] INFO  MobileProgrammingLLC.Resources.Base - Page Title Comparison Successful.
23:39:32.836 [main] DEBUG MobileProgrammingLLC.Resources.Base - Attempting to send "a@aa.com" to element "[[ChromeDriver: chrome on MAC (b0fc1433071997271e30df5e955fd268)] -> xpath: //input[@id='login1']]"...
23:39:32.964 [main] INFO  MobileProgrammingLLC.Resources.Base - Content "a@aa.com" entered successfully into element "[[ChromeDriver: chrome on MAC (b0fc1433071997271e30df5e955fd268)] -> xpath: //input[@id='login1']]"
23:39:33.494 [main] DEBUG MobileProgrammingLLC.Resources.Base - Attempting to send "11111" to element "[[ChromeDriver: chrome on MAC (b0fc1433071997271e30df5e955fd268)] -> css selector: input#password]"...
23:39:33.573 [main] INFO  MobileProgrammingLLC.Resources.Base - Content "11111" entered successfully into element "[[ChromeDriver: chrome on MAC (b0fc1433071997271e30df5e955fd268)] -> css selector: input#password]"
23:39:34.117 [main] DEBUG MobileProgrammingLLC.Resources.Base - Attempting to click on element: '[[ChromeDriver: chrome on MAC (b0fc1433071997271e30df5e955fd268)] -> id: remember]'...
23:39:34.190 [main] INFO  MobileProgrammingLLC.Resources.Base - Element '[[ChromeDriver: chrome on MAC (b0fc1433071997271e30df5e955fd268)] -> id: remember]' successfully clicked.
23:39:34.725 [main] DEBUG MobileProgrammingLLC.Resources.Base - Attempting to click on element: '[[ChromeDriver: chrome on MAC (b0fc1433071997271e30df5e955fd268)] -> css selector: input[type='submit']]'...
23:39:35.175 [main] INFO  MobileProgrammingLLC.Resources.Base - Element '[[ChromeDriver: chrome on MAC (b0fc1433071997271e30df5e955fd268)] -> css selector: input[type='submit']]' successfully clicked.
23:39:35.177 [main] DEBUG MobileProgrammingLLC.Resources.Base - Trying to compare the actual page title from the expected one...
23:39:35.182 [main] INFO  MobileProgrammingLLC.Resources.Base - Page Title Comparison Successful.
23:39:35.184 [main] DEBUG MobileProgrammingLLC.Resources.Base - Attempting to quit the driver...
23:39:35.268 [main] INFO  MobileProgrammingLLC.Resources.Base - Driver successfully quitted.
23:39:35.269 [main] DEBUG MobileProgrammingLLC.Resources.Base - Attempting to load the driver...
23:39:36.501 [main] INFO  MobileProgrammingLLC.Resources.Base - Driver successfully initialised.
23:39:36.653 [main] DEBUG MobileProgrammingLLC.Resources.Base - Attempting to get navigated to URL: "https://mail.rediff.com/cgi-bin/login.cgi"...
23:39:37.642 [main] INFO  MobileProgrammingLLC.Resources.Base - Navigation to site "https://mail.rediff.com/cgi-bin/login.cgi" successful.
23:39:37.649 [main] DEBUG MobileProgrammingLLC.Resources.Base - Trying to compare the actual page title from the expected one...
23:39:37.663 [main] INFO  MobileProgrammingLLC.Resources.Base - Page Title Comparison Successful.
23:39:39.109 [main] DEBUG MobileProgrammingLLC.Resources.Base - Attempting to send "b@bb.com" to element "[[ChromeDriver: chrome on MAC (4f0076e477542cd95fbcfad94e4d962a)] -> xpath: //input[@id='login1']]"...
23:39:39.237 [main] INFO  MobileProgrammingLLC.Resources.Base - Content "b@bb.com" entered successfully into element "[[ChromeDriver: chrome on MAC (4f0076e477542cd95fbcfad94e4d962a)] -> xpath: //input[@id='login1']]"
23:39:39.775 [main] DEBUG MobileProgrammingLLC.Resources.Base - Attempting to send "22222" to element "[[ChromeDriver: chrome on MAC (4f0076e477542cd95fbcfad94e4d962a)] -> css selector: input#password]"...
23:39:39.851 [main] INFO  MobileProgrammingLLC.Resources.Base - Content "22222" entered successfully into element "[[ChromeDriver: chrome on MAC (4f0076e477542cd95fbcfad94e4d962a)] -> css selector: input#password]"
23:39:40.392 [main] DEBUG MobileProgrammingLLC.Resources.Base - Attempting to click on element: '[[ChromeDriver: chrome on MAC (4f0076e477542cd95fbcfad94e4d962a)] -> id: remember]'...
23:39:40.469 [main] INFO  MobileProgrammingLLC.Resources.Base - Element '[[ChromeDriver: chrome on MAC (4f0076e477542cd95fbcfad94e4d962a)] -> id: remember]' successfully clicked.
23:39:41.014 [main] DEBUG MobileProgrammingLLC.Resources.Base - Attempting to click on element: '[[ChromeDriver: chrome on MAC (4f0076e477542cd95fbcfad94e4d962a)] -> css selector: input[type='submit']]'...
23:39:41.348 [main] INFO  MobileProgrammingLLC.Resources.Base - Element '[[ChromeDriver: chrome on MAC (4f0076e477542cd95fbcfad94e4d962a)] -> css selector: input[type='submit']]' successfully clicked.
23:39:41.349 [main] DEBUG MobileProgrammingLLC.Resources.Base - Trying to compare the actual page title from the expected one...
23:39:41.354 [main] INFO  MobileProgrammingLLC.Resources.Base - Page Title Comparison Successful.
23:39:41.355 [main] DEBUG MobileProgrammingLLC.Resources.Base - Attempting to quit the driver...
23:39:41.485 [main] INFO  MobileProgrammingLLC.Resources.Base - Driver successfully quitted.
23:39:41.488 [main] DEBUG MobileProgrammingLLC.Resources.Base - Attempting to load the driver...
23:39:42.667 [main] INFO  MobileProgrammingLLC.Resources.Base - Driver successfully initialised.
23:39:42.830 [main] DEBUG MobileProgrammingLLC.Resources.Base - Attempting to get navigated to URL: "https://mail.rediff.com/cgi-bin/login.cgi"...
23:39:43.644 [main] INFO  MobileProgrammingLLC.Resources.Base - Navigation to site "https://mail.rediff.com/cgi-bin/login.cgi" successful.
23:39:43.652 [main] DEBUG MobileProgrammingLLC.Resources.Base - Trying to compare the actual page title from the expected one...
23:39:43.666 [main] INFO  MobileProgrammingLLC.Resources.Base - Page Title Comparison Successful.
23:39:45.164 [main] DEBUG MobileProgrammingLLC.Resources.Base - Attempting to send "c@cc.com" to element "[[ChromeDriver: chrome on MAC (2eaa56f974cce23537805d6a04c1c630)] -> xpath: //input[@id='login1']]"...
23:39:45.278 [main] INFO  MobileProgrammingLLC.Resources.Base - Content "c@cc.com" entered successfully into element "[[ChromeDriver: chrome on MAC (2eaa56f974cce23537805d6a04c1c630)] -> xpath: //input[@id='login1']]"
23:39:45.806 [main] DEBUG MobileProgrammingLLC.Resources.Base - Attempting to send "33333" to element "[[ChromeDriver: chrome on MAC (2eaa56f974cce23537805d6a04c1c630)] -> css selector: input#password]"...
23:39:45.883 [main] INFO  MobileProgrammingLLC.Resources.Base - Content "33333" entered successfully into element "[[ChromeDriver: chrome on MAC (2eaa56f974cce23537805d6a04c1c630)] -> css selector: input#password]"
23:39:46.416 [main] DEBUG MobileProgrammingLLC.Resources.Base - Attempting to click on element: '[[ChromeDriver: chrome on MAC (2eaa56f974cce23537805d6a04c1c630)] -> id: remember]'...
23:39:46.485 [main] INFO  MobileProgrammingLLC.Resources.Base - Element '[[ChromeDriver: chrome on MAC (2eaa56f974cce23537805d6a04c1c630)] -> id: remember]' successfully clicked.
23:39:47.014 [main] DEBUG MobileProgrammingLLC.Resources.Base - Attempting to click on element: '[[ChromeDriver: chrome on MAC (2eaa56f974cce23537805d6a04c1c630)] -> css selector: input[type='submit']]'...
23:39:47.378 [main] INFO  MobileProgrammingLLC.Resources.Base - Element '[[ChromeDriver: chrome on MAC (2eaa56f974cce23537805d6a04c1c630)] -> css selector: input[type='submit']]' successfully clicked.
23:39:47.379 [main] DEBUG MobileProgrammingLLC.Resources.Base - Trying to compare the actual page title from the expected one...
23:39:47.384 [main] INFO  MobileProgrammingLLC.Resources.Base - Page Title Comparison Successful.
23:39:47.384 [main] DEBUG MobileProgrammingLLC.Resources.Base - Attempting to quit the driver...
23:39:47.465 [main] INFO  MobileProgrammingLLC.Resources.Base - Driver successfully quitted.
